#
# There is insufficient memory for the Java Runtime Environment to continue.
# Native memory allocation (malloc) failed to allocate 1048576 bytes for AllocateHeap
# Possible reasons:
#   The system is out of physical RAM or swap space
#   The process is running with CompressedOops enabled, and the Java Heap may be blocking the growth of the native heap
# Possible solutions:
#   Reduce memory load on the system
#   Increase physical memory or swap space
#   Check if swap backing store is full
#   Decrease Java heap size (-Xmx/-Xms)
#   Decrease number of Java threads
#   Decrease Java thread stack sizes (-Xss)
#   Set larger code cache with -XX:ReservedCodeCacheSize=
#   JVM is running with Unscaled Compressed Oops mode in which the Java heap is
#     placed in the first 4GB address space. The Java Heap base address is the
#     maximum limit for the native heap growth. Please use -XX:HeapBaseMinAddress
#     to set the Java Heap base and to place the Java Heap above 4GB virtual address.
# This output file may be truncated or incomplete.
#
#  Out of Memory Error (c:/BuildAgent/work/5ff2f6c26000d570/src/hotspot/share/memory/allocation.cpp:46), pid=27828, tid=27928
#
# JRE version: OpenJDK Runtime Environment (11.0.3+12) (build 11.0.3+12-b304.39)
# Java VM: OpenJDK 64-Bit Server VM (11.0.3+12-b304.39, mixed mode, tiered, compressed oops, g1 gc, windows-amd64)
# No core dump will be written. Minidumps are not enabled by default on client versions of Windows
#

---------------  S U M M A R Y ------------

Command Line: -XX:TieredStopAtLevel=1 -Xverify:none -Dspring.output.ansi.enabled=always -Dcom.sun.management.jmxremote -Dspring.jmx.enabled=true -Dspring.liveBeansView.mbeanDomain -Dspring.application.admin.enabled=true -javaagent:H:\Scala\SoftWare Installation\ideaIU-2019.2.1.win\lib\idea_rt.jar=14639:H:\Scala\SoftWare Installation\ideaIU-2019.2.1.win\bin -Dfile.encoding=UTF-8 com.mytech.ProductResultApplication

Host: Intel(R) Core(TM) i5-3320M CPU @ 2.60GHz, 4 cores, 7G,  Windows 10 , 64 bit Build 14393 (10.0.14393.2189)
Time: Sun Aug  8 22:21:33 2021 Eastern Daylight Time elapsed time: 12 seconds (0d 0h 0m 12s)

---------------  T H R E A D  ---------------

Current thread (0x000001db5ec14000):  VMThread "VM Thread" [stack: 0x0000000aa2700000,0x0000000aa2800000] [id=27928]

Stack: [0x0000000aa2700000,0x0000000aa2800000]
[error occurred during error reporting (printing stack bounds), id 0xc0000005, EXCEPTION_ACCESS_VIOLATION (0xc0000005) at pc=0x000001db48dd0bad]

Native frames: (J=compiled Java code, j=interpreted, Vv=VM code, C=native code)
V  [jvm.dll+0x5da77a]
V  [jvm.dll+0x70b9c9]
V  [jvm.dll+0x70cee8]
V  [jvm.dll+0x70d515]
V  [jvm.dll+0x70d4cb]
V  [jvm.dll+0x5d9f08]
V  [jvm.dll+0x5da368]
C  [ntdll.dll+0xaab6d]
C  [ntdll.dll+0x49933]
C  [ntdll.dll+0xa9c8a]
C  0x000001db48dd0bad

VM_Operation (0x0000000aa21fb030): CollectForMetadataAllocation, mode: safepoint, requested by thread 0x000001db44f2b000


---------------  P R O C E S S  ---------------

Threads class SMR info:
_java_thread_list=0x000001db61117b60, length=13, elements={
0x000001db44f2b000, 0x000001db5ec38000, 0x000001db5ec39000, 0x000001db5f476000,
0x000001db5f4bb800, 0x000001db5f4be800, 0x000001db5f4c0000, 0x000001db5ebbb800,
0x000001db5f85c000, 0x000001db5f85c800, 0x000001db5fc7d800, 0x000001db5fc60000,
0x000001db60c3d000
}

Java Threads: ( => current thread )
  0x000001db44f2b000 JavaThread "main" [_thread_blocked, id=27880, stack(0x0000000aa2100000,0x0000000aa2200000)]
  0x000001db5ec38000 JavaThread "Reference Handler" daemon [_thread_blocked, id=27932, stack(0x0000000aa2800000,0x0000000aa2900000)]
  0x000001db5ec39000 JavaThread "Finalizer" daemon [_thread_blocked, id=27936, stack(0x0000000aa2900000,0x0000000aa2a00000)]
  0x000001db5f476000 JavaThread "Signal Dispatcher" daemon [_thread_blocked, id=27952, stack(0x0000000aa2a00000,0x0000000aa2b00000)]
  0x000001db5f4bb800 JavaThread "Attach Listener" daemon [_thread_blocked, id=27956, stack(0x0000000aa2b00000,0x0000000aa2c00000)]
  0x000001db5f4be800 JavaThread "C1 CompilerThread0" daemon [_thread_blocked, id=27960, stack(0x0000000aa2c00000,0x0000000aa2d00000)]
  0x000001db5f4c0000 JavaThread "Sweeper thread" daemon [_thread_blocked, id=27964, stack(0x0000000aa2d00000,0x0000000aa2e00000)]
  0x000001db5ebbb800 JavaThread "Common-Cleaner" daemon [_thread_blocked, id=28036, stack(0x0000000aa2e00000,0x0000000aa2f00000)]
  0x000001db5f85c000 JavaThread "Monitor Ctrl-Break" daemon [_thread_in_native, id=28040, stack(0x0000000aa2f00000,0x0000000aa3000000)]
  0x000001db5f85c800 JavaThread "Service Thread" daemon [_thread_blocked, id=28044, stack(0x0000000aa3000000,0x0000000aa3100000)]
  0x000001db5fc7d800 JavaThread "RMI TCP Accept-0" daemon [_thread_in_native, id=28084, stack(0x0000000aa3100000,0x0000000aa3200000)]
  0x000001db5fc60000 JavaThread "RMI TCP Connection(1)-169.254.19.144" daemon [_thread_blocked, id=28308, stack(0x0000000aa3d00000,0x0000000aa3e00000)]
  0x000001db60c3d000 JavaThread "RMI Scheduler(0)" daemon [_thread_blocked, id=28336, stack(0x0000000aa3e00000,0x0000000aa3f00000)]

Other Threads:
=>0x000001db5ec14000 VMThread "VM Thread" [stack: 0x0000000aa2700000,0x0000000aa2800000] [id=27928]
  0x000001db5fc75800 WatcherThread [stack: 0x0000000aa3200000,0x0000000aa3300000] [id=28088]
  0x000001db44f43800 GCTaskThread "GC Thread#0" [stack: 0x0000000aa2200000,0x0000000aa2300000] [id=27884]
  0x000001db5fc69000 GCTaskThread "GC Thread#1" [stack: 0x0000000aa3700000,0x0000000aa3800000] [id=28112]
  0x000001db60de0800 GCTaskThread "GC Thread#2" [stack: 0x0000000aa3b00000,0x0000000aa3c00000] [id=28224]
  0x000001db60e18800 GCTaskThread "GC Thread#3" [stack: 0x0000000aa3c00000,0x0000000aa3d00000] [id=28228]
  0x000001db44f72800 ConcurrentGCThread "G1 Main Marker" [stack: 0x0000000aa2300000,0x0000000aa2400000] [id=27888]
  0x000001db44f74000 ConcurrentGCThread "G1 Conc#0" [stack: 0x0000000aa2400000,0x0000000aa2500000] [id=27892]
  0x000001db44ff1800 ConcurrentGCThread "G1 Refine#0" [stack: 0x0000000aa2500000,0x0000000aa2600000] [id=27896]
  0x000001db5f9d1800 ConcurrentGCThread "G1 Refine#1" [stack: 0x0000000aa3800000,0x0000000aa3900000] [id=28116]
  0x000001db44ff2800 ConcurrentGCThread "G1 Young RemSet Sampling" [stack: 0x0000000aa2600000,0x0000000aa2700000] [id=27900]

Threads with active compile tasks:

VM state:at safepoint (normal execution)

VM Mutex/Monitor currently owned by a thread:  ([mutex/lock_event])
[0x000001db44f2a3f0] Threads_lock - owner thread: 0x000001db5ec14000
[0x000001db44f29d30] Heap_lock - owner thread: 0x000001db44f2b000

Heap address: 0x0000000084a00000, size: 1974 MB, Compressed Oops mode: 32-bit
Narrow klass base: 0x0000000000000000, Narrow klass shift: 3
Compressed class space size: 1073741824 Address: 0x0000000100000000

Heap:
 garbage-first heap   total 126976K, used 15281K [0x0000000084a00000, 0x0000000100000000)
  region size 1024K, 6 young (6144K), 6 survivors (6144K)
 Metaspace       used 33195K, capacity 34298K, committed 34352K, reserved 1091584K
  class space    used 4253K, capacity 4709K, committed 4736K, reserved 1048576K
Heap Regions: E=young(eden), S=young(survivor), O=old, HS=humongous(starts), HC=humongous(continues), CS=collection set, F=free, A=archive, TAMS=top-at-mark-start (previous, next)
|   0|0x0000000084a00000, 0x0000000084b00000, 0x0000000084b00000|100%|HS|  |TAMS 0x0000000084b00000, 0x0000000084b00000| Complete 
|   1|0x0000000084b00000, 0x0000000084c00000, 0x0000000084c00000|100%| O|  |TAMS 0x0000000084c00000, 0x0000000084c00000| Untracked 
|   2|0x0000000084c00000, 0x0000000084d00000, 0x0000000084d00000|100%| O|  |TAMS 0x0000000084d00000, 0x0000000084d00000| Untracked 
|   3|0x0000000084d00000, 0x0000000084e00000, 0x0000000084e00000|100%| O|  |TAMS 0x0000000084e00000, 0x0000000084e00000| Untracked 
|   4|0x0000000084e00000, 0x0000000084f00000, 0x0000000084f00000|100%| O|  |TAMS 0x0000000084f00000, 0x0000000084f00000| Untracked 
|   5|0x0000000084f00000, 0x0000000085000000, 0x0000000085000000|100%| O|  |TAMS 0x0000000085000000, 0x0000000085000000| Untracked 
|   6|0x0000000085000000, 0x0000000085100000, 0x0000000085100000|100%| O|  |TAMS 0x00000000850f8200, 0x0000000085100000| Untracked 
|   7|0x0000000085100000, 0x0000000085200000, 0x0000000085200000|100%| O|  |TAMS 0x0000000085100000, 0x0000000085200000| Untracked 
|   8|0x0000000085200000, 0x00000000852ec600, 0x0000000085300000| 92%| O|  |TAMS 0x0000000085200000, 0x00000000852ec600| Untracked 
|   9|0x0000000085300000, 0x0000000085300000, 0x0000000085400000|  0%| F|  |TAMS 0x0000000085300000, 0x0000000085300000| Untracked 
|  10|0x0000000085400000, 0x0000000085400000, 0x0000000085500000|  0%| F|  |TAMS 0x0000000085400000, 0x0000000085400000| Untracked 
|  11|0x0000000085500000, 0x0000000085500000, 0x0000000085600000|  0%| F|  |TAMS 0x0000000085500000, 0x0000000085500000| Untracked 
|  12|0x0000000085600000, 0x0000000085600000, 0x0000000085700000|  0%| F|  |TAMS 0x0000000085600000, 0x0000000085600000| Untracked 
|  13|0x0000000085700000, 0x0000000085700000, 0x0000000085800000|  0%| F|  |TAMS 0x0000000085700000, 0x0000000085700000| Untracked 
|  14|0x0000000085800000, 0x0000000085800000, 0x0000000085900000|  0%| F|  |TAMS 0x0000000085800000, 0x0000000085800000| Untracked 
|  15|0x0000000085900000, 0x0000000085900000, 0x0000000085a00000|  0%| F|  |TAMS 0x0000000085900000, 0x0000000085900000| Untracked 
|  16|0x0000000085a00000, 0x0000000085a00000, 0x0000000085b00000|  0%| F|  |TAMS 0x0000000085a00000, 0x0000000085a00000| Untracked 
|  17|0x0000000085b00000, 0x0000000085b00000, 0x0000000085c00000|  0%| F|  |TAMS 0x0000000085b00000, 0x0000000085b00000| Untracked 
|  18|0x0000000085c00000, 0x0000000085c00000, 0x0000000085d00000|  0%| F|  |TAMS 0x0000000085c00000, 0x0000000085c00000| Untracked 
|  19|0x0000000085d00000, 0x0000000085d00000, 0x0000000085e00000|  0%| F|  |TAMS 0x0000000085d00000, 0x0000000085d00000| Untracked 
|  20|0x0000000085e00000, 0x0000000085e00000, 0x0000000085f00000|  0%| F|  |TAMS 0x0000000085e00000, 0x0000000085e00000| Untracked 
|  21|0x0000000085f00000, 0x0000000085f00000, 0x0000000086000000|  0%| F|  |TAMS 0x0000000085f00000, 0x0000000085f00000| Untracked 
|  22|0x0000000086000000, 0x0000000086000000, 0x0000000086100000|  0%| F|  |TAMS 0x0000000086000000, 0x0000000086000000| Untracked 
|  23|0x0000000086100000, 0x0000000086100000, 0x0000000086200000|  0%| F|  |TAMS 0x0000000086100000, 0x0000000086100000| Untracked 
|  24|0x0000000086200000, 0x0000000086200000, 0x0000000086300000|  0%| F|  |TAMS 0x0000000086200000, 0x0000000086200000| Untracked 
|  25|0x0000000086300000, 0x0000000086300000, 0x0000000086400000|  0%| F|  |TAMS 0x0000000086300000, 0x0000000086300000| Untracked 
|  26|0x0000000086400000, 0x0000000086400000, 0x0000000086500000|  0%| F|  |TAMS 0x0000000086400000, 0x0000000086400000| Untracked 
|  27|0x0000000086500000, 0x0000000086500000, 0x0000000086600000|  0%| F|  |TAMS 0x0000000086500000, 0x0000000086500000| Untracked 
|  28|0x0000000086600000, 0x0000000086600000, 0x0000000086700000|  0%| F|  |TAMS 0x0000000086600000, 0x0000000086600000| Untracked 
|  29|0x0000000086700000, 0x0000000086700000, 0x0000000086800000|  0%| F|  |TAMS 0x0000000086700000, 0x0000000086700000| Untracked 
|  30|0x0000000086800000, 0x0000000086800000, 0x0000000086900000|  0%| F|  |TAMS 0x0000000086800000, 0x0000000086800000| Untracked 
|  31|0x0000000086900000, 0x0000000086900000, 0x0000000086a00000|  0%| F|  |TAMS 0x0000000086900000, 0x0000000086900000| Untracked 
|  32|0x0000000086a00000, 0x0000000086a00000, 0x0000000086b00000|  0%| F|  |TAMS 0x0000000086a00000, 0x0000000086a00000| Untracked 
|  33|0x0000000086b00000, 0x0000000086b00000, 0x0000000086c00000|  0%| F|  |TAMS 0x0000000086b00000, 0x0000000086b00000| Untracked 
|  34|0x0000000086c00000, 0x0000000086c00000, 0x0000000086d00000|  0%| F|  |TAMS 0x0000000086c00000, 0x0000000086c00000| Untracked 
|  35|0x0000000086d00000, 0x0000000086d00000, 0x0000000086e00000|  0%| F|  |TAMS 0x0000000086d00000, 0x0000000086d00000| Untracked 
|  36|0x0000000086e00000, 0x0000000086e00000, 0x0000000086f00000|  0%| F|  |TAMS 0x0000000086e00000, 0x0000000086e00000| Untracked 
|  37|0x0000000086f00000, 0x0000000086f00000, 0x0000000087000000|  0%| F|  |TAMS 0x0000000086f00000, 0x0000000086f00000| Untracked 
|  38|0x0000000087000000, 0x0000000087000000, 0x0000000087100000|  0%| F|  |TAMS 0x0000000087000000, 0x0000000087000000| Untracked 
|  39|0x0000000087100000, 0x0000000087100000, 0x0000000087200000|  0%| F|  |TAMS 0x0000000087100000, 0x0000000087100000| Untracked 
|  40|0x0000000087200000, 0x0000000087200000, 0x0000000087300000|  0%| F|  |TAMS 0x0000000087200000, 0x0000000087200000| Untracked 
|  41|0x0000000087300000, 0x0000000087300000, 0x0000000087400000|  0%| F|  |TAMS 0x0000000087300000, 0x0000000087300000| Untracked 
|  42|0x0000000087400000, 0x0000000087400000, 0x0000000087500000|  0%| F|  |TAMS 0x0000000087400000, 0x0000000087400000| Untracked 
|  43|0x0000000087500000, 0x0000000087500000, 0x0000000087600000|  0%| F|  |TAMS 0x0000000087500000, 0x0000000087500000| Untracked 
|  44|0x0000000087600000, 0x0000000087600000, 0x0000000087700000|  0%| F|  |TAMS 0x0000000087600000, 0x0000000087600000| Untracked 
|  45|0x0000000087700000, 0x0000000087700000, 0x0000000087800000|  0%| F|  |TAMS 0x0000000087700000, 0x0000000087700000| Untracked 
|  46|0x0000000087800000, 0x0000000087800000, 0x0000000087900000|  0%| F|  |TAMS 0x0000000087800000, 0x0000000087800000| Untracked 
|  47|0x0000000087900000, 0x0000000087900000, 0x0000000087a00000|  0%| F|  |TAMS 0x0000000087900000, 0x0000000087900000| Untracked 
|  48|0x0000000087a00000, 0x0000000087a00000, 0x0000000087b00000|  0%| F|  |TAMS 0x0000000087a00000, 0x0000000087a00000| Untracked 
|  49|0x0000000087b00000, 0x0000000087b00000, 0x0000000087c00000|  0%| F|  |TAMS 0x0000000087b00000, 0x0000000087b00000| Untracked 
|  50|0x0000000087c00000, 0x0000000087c00000, 0x0000000087d00000|  0%| F|  |TAMS 0x0000000087c00000, 0x0000000087c00000| Untracked 
|  51|0x0000000087d00000, 0x0000000087d00000, 0x0000000087e00000|  0%| F|  |TAMS 0x0000000087d00000, 0x0000000087d00000| Untracked 
|  52|0x0000000087e00000, 0x0000000087e00000, 0x0000000087f00000|  0%| F|  |TAMS 0x0000000087e00000, 0x0000000087e00000| Untracked 
|  53|0x0000000087f00000, 0x0000000087f00000, 0x0000000088000000|  0%| F|  |TAMS 0x0000000087f00000, 0x0000000087f00000| Untracked 
|  54|0x0000000088000000, 0x0000000088000000, 0x0000000088100000|  0%| F|  |TAMS 0x0000000088000000, 0x0000000088000000| Untracked 
|  55|0x0000000088100000, 0x0000000088100000, 0x0000000088200000|  0%| F|  |TAMS 0x0000000088100000, 0x0000000088100000| Untracked 
|  56|0x0000000088200000, 0x0000000088200000, 0x0000000088300000|  0%| F|  |TAMS 0x0000000088200000, 0x0000000088200000| Untracked 
|  57|0x0000000088300000, 0x0000000088300000, 0x0000000088400000|  0%| F|  |TAMS 0x0000000088300000, 0x0000000088300000| Untracked 
|  58|0x0000000088400000, 0x0000000088400000, 0x0000000088500000|  0%| F|  |TAMS 0x0000000088400000, 0x0000000088400000| Untracked 
|  59|0x0000000088500000, 0x0000000088500000, 0x0000000088600000|  0%| F|  |TAMS 0x0000000088500000, 0x0000000088500000| Untracked 
|  60|0x0000000088600000, 0x0000000088600000, 0x0000000088700000|  0%| F|  |TAMS 0x0000000088600000, 0x0000000088600000| Untracked 
|  61|0x0000000088700000, 0x0000000088700000, 0x0000000088800000|  0%| F|  |TAMS 0x0000000088700000, 0x0000000088700000| Untracked 
|  62|0x0000000088800000, 0x0000000088800000, 0x0000000088900000|  0%| F|  |TAMS 0x0000000088800000, 0x0000000088800000| Untracked 
|  63|0x0000000088900000, 0x0000000088900000, 0x0000000088a00000|  0%| F|  |TAMS 0x0000000088900000, 0x0000000088900000| Untracked 
|  64|0x0000000088a00000, 0x0000000088a00000, 0x0000000088b00000|  0%| F|  |TAMS 0x0000000088a00000, 0x0000000088a00000| Untracked 
|  65|0x0000000088b00000, 0x0000000088b00000, 0x0000000088c00000|  0%| F|  |TAMS 0x0000000088b00000, 0x0000000088b00000| Untracked 
|  66|0x0000000088c00000, 0x0000000088c00000, 0x0000000088d00000|  0%| F|  |TAMS 0x0000000088c00000, 0x0000000088c00000| Untracked 
|  67|0x0000000088d00000, 0x0000000088d00000, 0x0000000088e00000|  0%| F|  |TAMS 0x0000000088d00000, 0x0000000088d00000| Untracked 
|  68|0x0000000088e00000, 0x0000000088e00000, 0x0000000088f00000|  0%| F|  |TAMS 0x0000000088e00000, 0x0000000088e00000| Untracked 
|  69|0x0000000088f00000, 0x0000000088f00000, 0x0000000089000000|  0%| F|  |TAMS 0x0000000088f00000, 0x0000000088f00000| Untracked 
|  70|0x0000000089000000, 0x0000000089000000, 0x0000000089100000|  0%| F|  |TAMS 0x0000000089000000, 0x0000000089000000| Untracked 
|  71|0x0000000089100000, 0x0000000089100000, 0x0000000089200000|  0%| F|  |TAMS 0x0000000089100000, 0x0000000089100000| Untracked 
|  72|0x0000000089200000, 0x0000000089200000, 0x0000000089300000|  0%| F|  |TAMS 0x0000000089200000, 0x0000000089200000| Untracked 
|  73|0x0000000089300000, 0x0000000089300000, 0x0000000089400000|  0%| F|  |TAMS 0x0000000089300000, 0x0000000089300000| Untracked 
|  74|0x0000000089400000, 0x0000000089400000, 0x0000000089500000|  0%| F|  |TAMS 0x0000000089400000, 0x0000000089400000| Untracked 
|  75|0x0000000089500000, 0x0000000089500000, 0x0000000089600000|  0%| F|  |TAMS 0x0000000089500000, 0x0000000089500000| Untracked 
|  76|0x0000000089600000, 0x0000000089600000, 0x0000000089700000|  0%| F|  |TAMS 0x0000000089600000, 0x0000000089600000| Untracked 
|  77|0x0000000089700000, 0x0000000089700000, 0x0000000089800000|  0%| F|  |TAMS 0x0000000089700000, 0x0000000089700000| Untracked 
|  78|0x0000000089800000, 0x0000000089800000, 0x0000000089900000|  0%| F|  |TAMS 0x0000000089800000, 0x0000000089800000| Untracked 
|  79|0x0000000089900000, 0x0000000089900000, 0x0000000089a00000|  0%| F|  |TAMS 0x0000000089900000, 0x0000000089900000| Untracked 
|  80|0x0000000089a00000, 0x0000000089a00000, 0x0000000089b00000|  0%| F|  |TAMS 0x0000000089a00000, 0x0000000089a00000| Untracked 
|  81|0x0000000089b00000, 0x0000000089b00000, 0x0000000089c00000|  0%| F|  |TAMS 0x0000000089b00000, 0x0000000089b00000| Untracked 
|  82|0x0000000089c00000, 0x0000000089c00000, 0x0000000089d00000|  0%| F|  |TAMS 0x0000000089c00000, 0x0000000089c00000| Untracked 
|  83|0x0000000089d00000, 0x0000000089d00000, 0x0000000089e00000|  0%| F|  |TAMS 0x0000000089d00000, 0x0000000089d00000| Untracked 
|  84|0x0000000089e00000, 0x0000000089e00000, 0x0000000089f00000|  0%| F|  |TAMS 0x0000000089e00000, 0x0000000089e00000| Untracked 
|  85|0x0000000089f00000, 0x0000000089f00000, 0x000000008a000000|  0%| F|  |TAMS 0x0000000089f00000, 0x0000000089f00000| Untracked 
|  86|0x000000008a000000, 0x000000008a000000, 0x000000008a100000|  0%| F|  |TAMS 0x000000008a000000, 0x000000008a000000| Untracked 
|  87|0x000000008a100000, 0x000000008a100000, 0x000000008a200000|  0%| F|  |TAMS 0x000000008a100000, 0x000000008a100000| Untracked 
|  88|0x000000008a200000, 0x000000008a200000, 0x000000008a300000|  0%| F|  |TAMS 0x000000008a200000, 0x000000008a200000| Untracked 
|  89|0x000000008a300000, 0x000000008a300000, 0x000000008a400000|  0%| F|  |TAMS 0x000000008a300000, 0x000000008a300000| Untracked 
|  90|0x000000008a400000, 0x000000008a400000, 0x000000008a500000|  0%| F|  |TAMS 0x000000008a400000, 0x000000008a400000| Untracked 
|  91|0x000000008a500000, 0x000000008a500000, 0x000000008a600000|  0%| F|  |TAMS 0x000000008a500000, 0x000000008a500000| Untracked 
|  92|0x000000008a600000, 0x000000008a600000, 0x000000008a700000|  0%| F|  |TAMS 0x000000008a600000, 0x000000008a600000| Untracked 
|  93|0x000000008a700000, 0x000000008a700000, 0x000000008a800000|  0%| F|  |TAMS 0x000000008a700000, 0x000000008a700000| Untracked 
|  94|0x000000008a800000, 0x000000008a800000, 0x000000008a900000|  0%| F|  |TAMS 0x000000008a800000, 0x000000008a800000| Untracked 
|  95|0x000000008a900000, 0x000000008a900000, 0x000000008aa00000|  0%| F|  |TAMS 0x000000008a900000, 0x000000008a900000| Untracked 
|  96|0x000000008aa00000, 0x000000008aa00000, 0x000000008ab00000|  0%| F|  |TAMS 0x000000008aa00000, 0x000000008aa00000| Untracked 
|  97|0x000000008ab00000, 0x000000008ab00000, 0x000000008ac00000|  0%| F|  |TAMS 0x000000008ab00000, 0x000000008ab00000| Untracked 
|  98|0x000000008ac00000, 0x000000008ac00000, 0x000000008ad00000|  0%| F|  |TAMS 0x000000008ac00000, 0x000000008ac00000| Untracked 
|  99|0x000000008ad00000, 0x000000008ad00000, 0x000000008ae00000|  0%| F|  |TAMS 0x000000008ad00000, 0x000000008ad00000| Untracked 
| 100|0x000000008ae00000, 0x000000008ae00000, 0x000000008af00000|  0%| F|  |TAMS 0x000000008ae00000, 0x000000008ae00000| Untracked 
| 101|0x000000008af00000, 0x000000008af00000, 0x000000008b000000|  0%| F|  |TAMS 0x000000008af00000, 0x000000008af00000| Untracked 
| 102|0x000000008b000000, 0x000000008b000000, 0x000000008b100000|  0%| F|  |TAMS 0x000000008b000000, 0x000000008b000000| Untracked 
| 103|0x000000008b100000, 0x000000008b100000, 0x000000008b200000|  0%| F|  |TAMS 0x000000008b100000, 0x000000008b100000| Untracked 
| 104|0x000000008b200000, 0x000000008b200000, 0x000000008b300000|  0%| F|  |TAMS 0x000000008b200000, 0x000000008b200000| Untracked 
| 105|0x000000008b300000, 0x000000008b300000, 0x000000008b400000|  0%| F|  |TAMS 0x000000008b300000, 0x000000008b300000| Untracked 
| 106|0x000000008b400000, 0x000000008b400000, 0x000000008b500000|  0%| F|  |TAMS 0x000000008b400000, 0x000000008b400000| Untracked 
| 107|0x000000008b500000, 0x000000008b500000, 0x000000008b600000|  0%| F|  |TAMS 0x000000008b500000, 0x000000008b500000| Untracked 
| 108|0x000000008b600000, 0x000000008b700000, 0x000000008b700000|100%| S|CS|TAMS 0x000000008b600000, 0x000000008b600000| Complete 
| 109|0x000000008b700000, 0x000000008b800000, 0x000000008b800000|100%| S|CS|TAMS 0x000000008b700000, 0x000000008b700000| Complete 
| 110|0x000000008b800000, 0x000000008b900000, 0x000000008b900000|100%| S|CS|TAMS 0x000000008b800000, 0x000000008b800000| Complete 
| 111|0x000000008b900000, 0x000000008ba00000, 0x000000008ba00000|100%| S|CS|TAMS 0x000000008b900000, 0x000000008b900000| Complete 
| 112|0x000000008ba00000, 0x000000008bb00000, 0x000000008bb00000|100%| S|CS|TAMS 0x000000008ba00000, 0x000000008ba00000| Complete 
| 113|0x000000008bb00000, 0x000000008bc00000, 0x000000008bc00000|100%| S|CS|TAMS 0x000000008bb00000, 0x000000008bb00000| Complete 
| 114|0x000000008bc00000, 0x000000008bc00000, 0x000000008bd00000|  0%| F|  |TAMS 0x000000008bc00000, 0x000000008bc00000| Untracked 
| 115|0x000000008bd00000, 0x000000008bd00000, 0x000000008be00000|  0%| F|  |TAMS 0x000000008bd00000, 0x000000008bd00000| Untracked 
| 116|0x000000008be00000, 0x000000008be00000, 0x000000008bf00000|  0%| F|  |TAMS 0x000000008be00000, 0x000000008be00000| Untracked 
| 117|0x000000008bf00000, 0x000000008bf00000, 0x000000008c000000|  0%| F|  |TAMS 0x000000008bf00000, 0x000000008bf00000| Untracked 
| 118|0x000000008c000000, 0x000000008c000000, 0x000000008c100000|  0%| F|  |TAMS 0x000000008c000000, 0x000000008c000000| Untracked 
| 119|0x000000008c100000, 0x000000008c100000, 0x000000008c200000|  0%| F|  |TAMS 0x000000008c100000, 0x000000008c100000| Untracked 
| 120|0x000000008c200000, 0x000000008c200000, 0x000000008c300000|  0%| F|  |TAMS 0x000000008c200000, 0x000000008c200000| Untracked 
| 121|0x000000008c300000, 0x000000008c300000, 0x000000008c400000|  0%| F|  |TAMS 0x000000008c300000, 0x000000008c300000| Untracked 
| 122|0x000000008c400000, 0x000000008c400000, 0x000000008c500000|  0%| F|  |TAMS 0x000000008c400000, 0x000000008c400000| Untracked 
| 123|0x000000008c500000, 0x000000008c500000, 0x000000008c600000|  0%| F|  |TAMS 0x000000008c500000, 0x000000008c500000| Untracked 

Card table byte_map: [0x000001db581b0000,0x000001db58590000] _byte_map_base: 0x000001db57d8b000

Marking Bits (Prev, Next): (CMBitMap*) 0x000001db44f6a330, (CMBitMap*) 0x000001db44f6a2f8
 Prev Bits: [0x000001db5a850000, 0x000001db5c728000)
 Next Bits: [0x000001db58970000, 0x000001db5a848000)

Polling page: 0x000001db446a0000

Metaspace:

Usage:
  Non-class:     28.90 MB capacity,    28.26 MB ( 98%) used,   521.22 KB (  2%) free+waste,   125.81 KB ( <1%) overhead. 
      Class:      4.60 MB capacity,     4.15 MB ( 90%) used,   390.82 KB (  8%) free+waste,    64.25 KB (  1%) overhead. 
       Both:     33.49 MB capacity,    32.42 MB ( 97%) used,   912.04 KB (  3%) free+waste,   190.06 KB ( <1%) overhead. 

Virtual space:
  Non-class space:       42.00 MB reserved,      28.92 MB ( 69%) committed 
      Class space:        1.00 GB reserved,       4.63 MB ( <1%) committed 
             Both:        1.04 GB reserved,      33.55 MB (  3%) committed 

Chunk freelists:
   Non-Class:  27.00 KB
       Class:  27.00 KB
        Both:  54.00 KB

CodeHeap 'non-profiled nmethods': size=238912Kb used=5315Kb max_used=5315Kb free=233596Kb
 bounds [0x000001db49480000, 0x000001db499c0000, 0x000001db57dd0000]
CodeHeap 'non-nmethods': size=6848Kb used=1162Kb max_used=1162Kb free=5685Kb
 bounds [0x000001db48dd0000, 0x000001db49040000, 0x000001db49480000]
 total_blobs=3791 nmethods=3280 adapters=421
 compilation: enabled
              stopped_count=0, restarted_count=0
 full_count=0

Compilation events (10 events):
Event: 12.744 Thread 0x000001db5f4be800 3276       1       org.springframework.core.MethodParameter::getContainingClass (18 bytes)
Event: 12.744 Thread 0x000001db5f4be800 nmethod 3276 0x000001db499af690 code [0x000001db499af840, 0x000001db499af990]
Event: 12.745 Thread 0x000001db5f4be800 3277       1       jdk.internal.reflect.ReflectionFactory::copyField (10 bytes)
Event: 12.745 Thread 0x000001db5f4be800 nmethod 3277 0x000001db499afa10 code [0x000001db499afbe0, 0x000001db499afd70]
Event: 12.745 Thread 0x000001db5f4be800 3278       1       java.lang.reflect.ReflectAccess::copyField (5 bytes)
Event: 12.745 Thread 0x000001db5f4be800 nmethod 3278 0x000001db499afe90 code [0x000001db499b0040, 0x000001db499b0190]
Event: 12.745 Thread 0x000001db5f4be800 3279       1       java.lang.reflect.Field::copy (76 bytes)
Event: 12.745 Thread 0x000001db5f4be800 nmethod 3279 0x000001db499b0210 code [0x000001db499b03e0, 0x000001db499b0780]
Event: 12.745 Thread 0x000001db5f4be800 3280       1       java.lang.reflect.Field::<init> (44 bytes)
Event: 12.746 Thread 0x000001db5f4be800 nmethod 3280 0x000001db499b0890 code [0x000001db499b0a40, 0x000001db499b0d38]

GC Heap History (10 events):
Event: 5.800 GC heap before
{Heap before GC invocations=2 (full 0):
 garbage-first heap   total 126976K, used 29664K [0x0000000084a00000, 0x0000000100000000)
  region size 1024K, 23 young (23552K), 1 survivors (1024K)
 Metaspace       used 17472K, capacity 17977K, committed 18048K, reserved 1064960K
  class space    used 1968K, capacity 2155K, committed 2176K, reserved 1048576K
}
Event: 5.809 GC heap after
{Heap after GC invocations=3 (full 0):
 garbage-first heap   total 126976K, used 9355K [0x0000000084a00000, 0x0000000100000000)
  region size 1024K, 3 young (3072K), 3 survivors (3072K)
 Metaspace       used 17472K, capacity 17977K, committed 18048K, reserved 1064960K
  class space    used 1968K, capacity 2155K, committed 2176K, reserved 1048576K
}
Event: 7.052 GC heap before
{Heap before GC invocations=3 (full 0):
 garbage-first heap   total 126976K, used 30859K [0x0000000084a00000, 0x0000000100000000)
  region size 1024K, 25 young (25600K), 3 survivors (3072K)
 Metaspace       used 20720K, capacity 21239K, committed 21296K, reserved 1069056K
  class space    used 2456K, capacity 2687K, committed 2688K, reserved 1048576K
}
Event: 7.209 GC heap after
{Heap after GC invocations=4 (full 0):
 garbage-first heap   total 126976K, used 10182K [0x0000000084a00000, 0x0000000100000000)
  region size 1024K, 3 young (3072K), 3 survivors (3072K)
 Metaspace       used 20720K, capacity 21239K, committed 21296K, reserved 1069056K
  class space    used 2456K, capacity 2687K, committed 2688K, reserved 1048576K
}
Event: 9.277 GC heap before
{Heap before GC invocations=5 (full 0):
 garbage-first heap   total 126976K, used 81862K [0x0000000084a00000, 0x0000000100000000)
  region size 1024K, 74 young (75776K), 3 survivors (3072K)
 Metaspace       used 25373K, capacity 26294K, committed 26544K, reserved 1073152K
  class space    used 3161K, capacity 3515K, committed 3584K, reserved 1048576K
}
Event: 9.287 GC heap after
{Heap after GC invocations=6 (full 0):
 garbage-first heap   total 126976K, used 11888K [0x0000000084a00000, 0x0000000100000000)
  region size 1024K, 5 young (5120K), 5 survivors (5120K)
 Metaspace       used 25373K, capacity 26294K, committed 26544K, reserved 1073152K
  class space    used 3161K, capacity 3515K, committed 3584K, reserved 1048576K
}
Event: 12.321 GC heap before
{Heap before GC invocations=6 (full 0):
 garbage-first heap   total 126976K, used 81520K [0x0000000084a00000, 0x0000000100000000)
  region size 1024K, 74 young (75776K), 5 survivors (5120K)
 Metaspace       used 32065K, capacity 33136K, committed 33456K, reserved 1079296K
  class space    used 4084K, capacity 4513K, committed 4608K, reserved 1048576K
}
Event: 12.336 GC heap after
{Heap after GC invocations=7 (full 0):
 garbage-first heap   total 126976K, used 14578K [0x0000000084a00000, 0x0000000100000000)
  region size 1024K, 8 young (8192K), 8 survivors (8192K)
 Metaspace       used 32065K, capacity 33136K, committed 33456K, reserved 1079296K
  class space    used 4084K, capacity 4513K, committed 4608K, reserved 1048576K
}
Event: 12.765 GC heap before
{Heap before GC invocations=7 (full 0):
 garbage-first heap   total 126976K, used 23794K [0x0000000084a00000, 0x0000000100000000)
  region size 1024K, 18 young (18432K), 8 survivors (8192K)
 Metaspace       used 33195K, capacity 34298K, committed 34352K, reserved 1089536K
  class space    used 4253K, capacity 4709K, committed 4736K, reserved 1048576K
}
Event: 12.789 GC heap after
{Heap after GC invocations=8 (full 0):
 garbage-first heap   total 126976K, used 15281K [0x0000000084a00000, 0x0000000100000000)
  region size 1024K, 6 young (6144K), 6 survivors (6144K)
 Metaspace       used 33195K, capacity 34298K, committed 34352K, reserved 1089536K
  class space    used 4253K, capacity 4709K, committed 4736K, reserved 1048576K
}

Deoptimization events (0 events):
No events

Classes redefined (0 events):
No events

Internal exceptions (10 events):
Event: 12.432 Thread 0x000001db44f2b000 Exception <a 'java/lang/ClassNotFoundException'{0x000000008c23df58}: org/springframework/beans/factory/AwareCustomizer> (0x000000008c23df58) thrown at [c:/BuildAgent/work/5ff2f6c26000d570/src/hotspot/share/classfile/systemDictionary.cpp, line 231]
Event: 12.435 Thread 0x000001db44f2b000 Exception <a 'java/lang/ClassNotFoundException'{0x000000008c24a7c0}: org/springframework/core/OrderedCustomizer> (0x000000008c24a7c0) thrown at [c:/BuildAgent/work/5ff2f6c26000d570/src/hotspot/share/classfile/systemDictionary.cpp, line 231]
Event: 12.436 Thread 0x000001db44f2b000 Exception <a 'java/lang/ClassNotFoundException'{0x000000008c25a238}: org/springframework/beans/factory/BeanClassLoaderAwareCustomizer> (0x000000008c25a238) thrown at [c:/BuildAgent/work/5ff2f6c26000d570/src/hotspot/share/classfile/systemDictionary.cpp, li
Event: 12.438 Thread 0x000001db44f2b000 Exception <a 'java/lang/ClassNotFoundException'{0x000000008c268340}: org/springframework/beans/factory/AwareCustomizer> (0x000000008c268340) thrown at [c:/BuildAgent/work/5ff2f6c26000d570/src/hotspot/share/classfile/systemDictionary.cpp, line 231]
Event: 12.439 Thread 0x000001db44f2b000 Exception <a 'java/lang/ClassNotFoundException'{0x000000008c277278}: org/springframework/aop/framework/AopInfrastructureBeanCustomizer> (0x000000008c277278) thrown at [c:/BuildAgent/work/5ff2f6c26000d570/src/hotspot/share/classfile/systemDictionary.cpp, l
Event: 12.474 Thread 0x000001db44f2b000 Exception <a 'java/lang/ClassNotFoundException'{0x000000008c12c6d8}: java/lang/ObjectCustomizer> (0x000000008c12c6d8) thrown at [c:/BuildAgent/work/5ff2f6c26000d570/src/hotspot/share/classfile/systemDictionary.cpp, line 231]
Event: 12.476 Thread 0x000001db44f2b000 Exception <a 'java/lang/ClassNotFoundException'{0x000000008c142190}: org/springframework/transaction/annotation/AbstractTransactionManagementConfigurationCustomizer> (0x000000008c142190) thrown at [c:/BuildAgent/work/5ff2f6c26000d570/src/hotspot/share/cla
Event: 12.477 Thread 0x000001db44f2b000 Exception <a 'java/lang/ClassNotFoundException'{0x000000008c156c28}: org/springframework/transaction/annotation/ProxyTransactionManagementConfigurationCustomizer> (0x000000008c156c28) thrown at [c:/BuildAgent/work/5ff2f6c26000d570/src/hotspot/share/classf
Event: 12.479 Thread 0x000001db44f2b000 Exception <a 'java/lang/ClassNotFoundException'{0x000000008c169998}: org/springframework/context/annotation/ImportAwareCustomizer> (0x000000008c169998) thrown at [c:/BuildAgent/work/5ff2f6c26000d570/src/hotspot/share/classfile/systemDictionary.cpp, line 2
Event: 12.481 Thread 0x000001db44f2b000 Exception <a 'java/lang/ClassNotFoundException'{0x000000008c177ec0}: org/springframework/beans/factory/AwareCustomizer> (0x000000008c177ec0) thrown at [c:/BuildAgent/work/5ff2f6c26000d570/src/hotspot/share/classfile/systemDictionary.cpp, line 231]

Events (10 events):
Event: 12.756 loading class org/apache/catalina/JmxEnabled done
Event: 12.757 loading class org/apache/catalina/util/LifecycleBase
Event: 12.757 loading class org/apache/catalina/util/LifecycleBase done
Event: 12.758 loading class org/apache/coyote/AbstractProtocol
Event: 12.758 loading class org/apache/coyote/AbstractProtocol done
Event: 12.759 loading class org/springframework/boot/web/embedded/tomcat/TomcatEmbeddedContext
Event: 12.759 loading class org/springframework/boot/web/embedded/tomcat/TomcatEmbeddedContext done
Event: 12.760 loading class org/apache/catalina/core/StandardContext
Event: 12.760 loading class org/apache/catalina/core/StandardContext done
Event: 12.765 Executing VM operation: CollectForMetadataAllocation


Dynamic libraries:
0x00007ff798f80000 - 0x00007ff798fc7000 	H:\Scala\SoftWare Installation\ideaIU-2019.2.1.win\jbr\bin\java.exe
0x00007ff8ef370000 - 0x00007ff8ef542000 	C:\Windows\SYSTEM32\ntdll.dll
0x00007ff8eefb0000 - 0x00007ff8ef05c000 	C:\Windows\System32\KERNEL32.DLL
0x00007ff8ec4c0000 - 0x00007ff8ec6dd000 	C:\Windows\System32\KERNELBASE.dll
0x00007ff8eee10000 - 0x00007ff8eef75000 	C:\Windows\System32\USER32.dll
0x00007ff8ebfe0000 - 0x00007ff8ebffe000 	C:\Windows\System32\win32u.dll
0x00007ff8ee840000 - 0x00007ff8ee874000 	C:\Windows\System32\GDI32.dll
0x00007ff8eb690000 - 0x00007ff8eb810000 	C:\Windows\System32\gdi32full.dll
0x00007ff8e0e20000 - 0x00007ff8e109a000 	C:\Windows\WinSxS\amd64_microsoft.windows.common-controls_6595b64144ccf1df_6.0.14393.953_none_42151e83c686086b\COMCTL32.dll
0x00007ff8eed70000 - 0x00007ff8eee0e000 	C:\Windows\System32\msvcrt.dll
0x00007ff8edfd0000 - 0x00007ff8ee298000 	C:\Windows\System32\combase.dll
0x00007ff8ec310000 - 0x00007ff8ec405000 	C:\Windows\System32\ucrtbase.dll
0x00007ff8edd60000 - 0x00007ff8ede81000 	C:\Windows\System32\RPCRT4.dll
0x00007ff8eb620000 - 0x00007ff8eb68a000 	C:\Windows\System32\bcryptPrimitives.dll
0x00007ff8eef80000 - 0x00007ff8eefae000 	C:\Windows\System32\IMM32.DLL
0x00007ff8e0790000 - 0x00007ff8e07a7000 	H:\Scala\SoftWare Installation\ideaIU-2019.2.1.win\jbr\bin\vcruntime140.dll
0x00007ff8c2a30000 - 0x00007ff8c2acd000 	H:\Scala\SoftWare Installation\ideaIU-2019.2.1.win\jbr\bin\msvcp140.dll
0x00007ff8ab390000 - 0x00007ff8abe47000 	H:\Scala\SoftWare Installation\ideaIU-2019.2.1.win\jbr\bin\server\jvm.dll
0x00007ff8ef100000 - 0x00007ff8ef1a2000 	C:\Windows\System32\ADVAPI32.dll
0x00007ff8ec760000 - 0x00007ff8ec7b9000 	C:\Windows\System32\sechost.dll
0x00007ff8eb8c0000 - 0x00007ff8eb8e3000 	C:\Windows\System32\WINMM.dll
0x00007ff8eb5e0000 - 0x00007ff8eb60b000 	C:\Windows\System32\WINMMBASE.dll
0x00007ff8ec2c0000 - 0x00007ff8ec302000 	C:\Windows\System32\cfgmgr32.dll
0x00007ff8ee2a0000 - 0x00007ff8ee2a8000 	C:\Windows\System32\PSAPI.DLL
0x00007ff8dce90000 - 0x00007ff8dce99000 	C:\Windows\SYSTEM32\WSOCK32.dll
0x00007ff8ee880000 - 0x00007ff8ee8ea000 	C:\Windows\System32\WS2_32.dll
0x00007ff8eb250000 - 0x00007ff8eb25a000 	C:\Windows\SYSTEM32\VERSION.dll
0x00007ff8eb5d0000 - 0x00007ff8eb5df000 	C:\Windows\System32\kernel.appcore.dll
0x00007ff8dfc80000 - 0x00007ff8dfc91000 	H:\Scala\SoftWare Installation\ideaIU-2019.2.1.win\jbr\bin\verify.dll
0x00007ff8dfce0000 - 0x00007ff8dfe72000 	C:\Windows\SYSTEM32\DBGHELP.DLL
0x00007ff8dc740000 - 0x00007ff8dc769000 	C:\Windows\SYSTEM32\dbgcore.DLL
0x00007ff8c7c00000 - 0x00007ff8c7c29000 	H:\Scala\SoftWare Installation\ideaIU-2019.2.1.win\jbr\bin\java.dll
0x00007ff8bdf00000 - 0x00007ff8bdf34000 	H:\Scala\SoftWare Installation\ideaIU-2019.2.1.win\jbr\bin\instrument.dll
0x00007ff8defa0000 - 0x00007ff8defb7000 	H:\Scala\SoftWare Installation\ideaIU-2019.2.1.win\jbr\bin\zip.dll
0x00007ff8e0680000 - 0x00007ff8e068b000 	H:\Scala\SoftWare Installation\ideaIU-2019.2.1.win\jbr\bin\jimage.dll
0x00007ff8ec850000 - 0x00007ff8edd59000 	C:\Windows\System32\SHELL32.dll
0x00007ff8eb900000 - 0x00007ff8ebfd9000 	C:\Windows\System32\windows.storage.dll
0x00007ff8ec000000 - 0x00007ff8ec04c000 	C:\Windows\System32\powrprof.dll
0x00007ff8eed10000 - 0x00007ff8eed62000 	C:\Windows\System32\shlwapi.dll
0x00007ff8eb810000 - 0x00007ff8eb8b9000 	C:\Windows\System32\shcore.dll
0x00007ff8eb5b0000 - 0x00007ff8eb5c4000 	C:\Windows\System32\profapi.dll
0x00007ff8de900000 - 0x00007ff8de91a000 	H:\Scala\SoftWare Installation\ideaIU-2019.2.1.win\jbr\bin\net.dll
0x00007ff8e70a0000 - 0x00007ff8e716d000 	C:\Windows\SYSTEM32\WINHTTP.dll
0x00007ff8d99b0000 - 0x00007ff8d9b72000 	C:\Windows\SYSTEM32\urlmon.dll
0x00007ff8e17a0000 - 0x00007ff8e1a45000 	C:\Windows\SYSTEM32\iertutil.dll
0x00007ff8eae70000 - 0x00007ff8eaecc000 	C:\Windows\system32\mswsock.dll
0x00007ff8dde40000 - 0x00007ff8dde54000 	H:\Scala\SoftWare Installation\ideaIU-2019.2.1.win\jbr\bin\nio.dll
0x00007ff8c2b40000 - 0x00007ff8c2b5a000 	H:\Scala\SoftWare Installation\ideaIU-2019.2.1.win\bin\breakgen64.dll
0x00007ff8eac30000 - 0x00007ff8eacd1000 	C:\Windows\SYSTEM32\DNSAPI.dll
0x00007ff8ec7c0000 - 0x00007ff8ec7c8000 	C:\Windows\System32\NSI.dll
0x00007ff8eabf0000 - 0x00007ff8eac28000 	C:\Windows\SYSTEM32\IPHLPAPI.DLL
0x00007ff8ded40000 - 0x00007ff8ded4a000 	C:\Windows\System32\rasadhlp.dll
0x00007ff8e0a70000 - 0x00007ff8e0ada000 	C:\Windows\System32\fwpuclnt.dll
0x00007ff8eb120000 - 0x00007ff8eb14b000 	C:\Windows\SYSTEM32\bcrypt.dll
0x00007ff8dee50000 - 0x00007ff8dee5a000 	H:\Scala\SoftWare Installation\ideaIU-2019.2.1.win\jbr\bin\management.dll
0x00007ff8d9b80000 - 0x00007ff8d9b8c000 	H:\Scala\SoftWare Installation\ideaIU-2019.2.1.win\jbr\bin\management_ext.dll
0x00007ff8eb010000 - 0x00007ff8eb027000 	C:\Windows\SYSTEM32\CRYPTSP.dll
0x00007ff8eaa70000 - 0x00007ff8eaaa3000 	C:\Windows\system32\rsaenh.dll
0x00007ff8ead00000 - 0x00007ff8ead1f000 	C:\Windows\SYSTEM32\USERENV.dll
0x00007ff8eb030000 - 0x00007ff8eb03b000 	C:\Windows\SYSTEM32\CRYPTBASE.dll
0x00007ff8e6250000 - 0x00007ff8e6266000 	C:\Windows\SYSTEM32\dhcpcsvc6.DLL
0x00007ff8e6130000 - 0x00007ff8e614a000 	C:\Windows\SYSTEM32\dhcpcsvc.DLL
0x00007ff8e8dd0000 - 0x00007ff8e8de8000 	C:\Windows\system32\NLAapi.dll
0x00007ff8da2a0000 - 0x00007ff8da2b6000 	C:\Windows\system32\napinsp.dll
0x00007ff8d9820000 - 0x00007ff8d983a000 	C:\Windows\system32\pnrpnsp.dll
0x00007ff8da290000 - 0x00007ff8da29e000 	C:\Windows\System32\winrnr.dll
0x00007ff8e6f20000 - 0x00007ff8e6f35000 	C:\Windows\system32\wshbth.dll

dbghelp: loaded successfully - version: 4.0.5 - missing functions: none
symbol engine: initialized successfully - sym options: 0x614 - pdb path: .;H:\Scala\SoftWare Installation\ideaIU-2019.2.1.win\jbr\bin;C:\Windows\SYSTEM32;C:\Windows\WinSxS\amd64_microsoft.windows.common-controls_6595b64144ccf1df_6.0.14393.953_none_42151e83c686086b;H:\Scala\SoftWare Installation\ideaIU-2019.2.1.win\jbr\bin\server;H:\Scala\SoftWare Installation\ideaIU-2019.2.1.win\bin

VM Arguments:
jvm_args: -XX:TieredStopAtLevel=1 -Xverify:none -Dspring.output.ansi.enabled=always -Dcom.sun.management.jmxremote -Dspring.jmx.enabled=true -Dspring.liveBeansView.mbeanDomain -Dspring.application.admin.enabled=true -javaagent:H:\Scala\SoftWare Installation\ideaIU-2019.2.1.win\lib\idea_rt.jar=14639:H:\Scala\SoftWare Installation\ideaIU-2019.2.1.win\bin -Dfile.encoding=UTF-8 
java_command: com.mytech.ProductResultApplication
java_class_path (initial): G:\JavaProjects\MES4.0\0.Pracs\1.IntigrationTest\MES\product-result\target\classes;C:\Users\User\.m2\repository\org\springframework\boot\spring-boot-starter-data-jpa\2.5.3\spring-boot-starter-data-jpa-2.5.3.jar;C:\Users\User\.m2\repository\org\springframework\boot\spring-boot-starter-aop\2.5.3\spring-boot-starter-aop-2.5.3.jar;C:\Users\User\.m2\repository\org\springframework\spring-aop\5.3.9\spring-aop-5.3.9.jar;C:\Users\User\.m2\repository\org\aspectj\aspectjweaver\1.9.7\aspectjweaver-1.9.7.jar;C:\Users\User\.m2\repository\org\springframework\boot\spring-boot-starter-jdbc\2.5.3\spring-boot-starter-jdbc-2.5.3.jar;C:\Users\User\.m2\repository\com\zaxxer\HikariCP\4.0.3\HikariCP-4.0.3.jar;C:\Users\User\.m2\repository\org\springframework\spring-jdbc\5.3.9\spring-jdbc-5.3.9.jar;C:\Users\User\.m2\repository\jakarta\transaction\jakarta.transaction-api\1.3.3\jakarta.transaction-api-1.3.3.jar;C:\Users\User\.m2\repository\jakarta\persistence\jakarta.persistence-api\2.2.3\jakarta.persistence-api-2.2.3.jar;C:\Users\User\.m2\repository\org\hibernate\hibernate-core\5.4.32.Final\hibernate-core-5.4.32.Final.jar;C:\Users\User\.m2\repository\org\jboss\logging\jboss-logging\3.4.2.Final\jboss-logging-3.4.2.Final.jar;C:\Users\User\.m2\repository\org\javassist\javassist\3.27.0-GA\javassist-3.27.0-GA.jar;C:\Users\User\.m2\repository\net\bytebuddy\byte-buddy\1.10.22\byte-buddy-1.10.22.jar;C:\Users\User\.m2\repository\antlr\antlr\2.7.7\antlr-2.7.7.jar;C:\Users\User\.m2\repository\org\jboss\jandex\2.2.3.Final\jandex-2.2.3.Final.jar;C:\Users\User\.m2\repository\com\fasterxml\classmate\1.5.1\classmate-1.5.1.jar;C:\Users\User\.m2\repository\org\dom4j\dom4j\2.1.3\dom4j-2.1.3.jar;C:\Users\User\.m2\repository\org\hibernate\common\hibernate-commons-annotations\5.1.2.Final\hibernate-commons-annotations-5.1.2.Final.jar;C:\Users\User\.m2\repository\org\glassfish\jaxb\jaxb-runtime\2.3.4\jaxb-runtime-2.3.4.jar;C:\Users\User\.m2\repository\org\glassfish\jaxb\txw2\2.3.4\txw2-2
Launcher Type: SUN_STANDARD

[Global flags]
     bool BytecodeVerificationLocal                = false                                     {product} {command line}
     bool BytecodeVerificationRemote               = false                                     {product} {command line}
     intx CICompilerCount                          = 3                                         {product} {ergonomic}
     uint ConcGCThreads                            = 1                                         {product} {ergonomic}
     uint G1ConcRefinementThreads                  = 4                                         {product} {ergonomic}
   size_t G1HeapRegionSize                         = 1048576                                   {product} {ergonomic}
    uintx GCDrainStackTargetSize                   = 64                                        {product} {ergonomic}
   size_t InitialHeapSize                          = 130023424                                 {product} {ergonomic}
     bool ManagementServer                         = true                                      {product} {command line}
   size_t MarkStackSize                            = 4194304                                   {product} {ergonomic}
   size_t MaxHeapSize                              = 2069889024                                {product} {ergonomic}
   size_t MaxNewSize                               = 1241513984                                {product} {ergonomic}
   size_t MinHeapDeltaBytes                        = 1048576                                   {product} {ergonomic}
    uintx NonNMethodCodeHeapSize                   = 6973028                                {pd product} {ergonomic}
    uintx NonProfiledCodeHeapSize                  = 244685212                              {pd product} {ergonomic}
    uintx ProfiledCodeHeapSize                     = 0                                      {pd product} {ergonomic}
    uintx ReservedCodeCacheSize                    = 251658240                              {pd product} {ergonomic}
     bool SegmentedCodeCache                       = true                                      {product} {ergonomic}
     intx TieredStopAtLevel                        = 1                                         {product} {command line}
     bool UseCompressedClassPointers               = true                                 {lp64_product} {ergonomic}
     bool UseCompressedOops                        = true                                 {lp64_product} {ergonomic}
     bool UseG1GC                                  = true                                      {product} {ergonomic}
     bool UseLargePagesIndividualAllocation        = false                                  {pd product} {ergonomic}

Logging:
Log output configuration:
 #0: stdout all=warning uptime,level,tags
 #1: stderr all=off uptime,level,tags

Environment Variables:
JAVA_HOME=C:\JAVA\jdk1.8.0_144
PATH=C:\ProgramData\Oracle\Java\javapath;C:\Windows\system32;C:\Windows;C:\Windows\System32\Wbem;C:\Windows\System32\WindowsPowerShell\v1.0\;C:\Program Files (x86)\Common Files\Acronis\SnapAPI\;D:\Program Files (x86)\Paragon Software\ExtFS for Windows\;C:\JAVA\jdk1.8.0_144\bin;C:\Program Files\VDownloader;C:\Program Files\MySQL\MySQL Server 5.5\bin;C:\Program Files (x86)\Common Files\Apple\Internet Services\;C:\Program Files (x86)\IVI Foundation\VISA\WinNT\Bin\;C:\Program Files\IVI Foundation\VISA\Win64\Bin\;C:\Program Files (x86)\IVI Foundation\VISA\WinNT\Bin;C:\Cadence\SPB_15.5.1\tools\PSpice\Library;C:\Cadence\SPB_15.5.1\tools\Capture;C:\Cadence\SPB_15.5.1\tools\bin;C:\Cadence\SPB_15.5.1\tools\pcb\bin;C:\Cadence\SPB_15.5.1\tools\specctra\bin;C:\Cadence\SPB_15.5.1\tools\libutil\bin;C:\Cadence\SPB_15.5.1\tools\fet\bin;C:\Program Files (x86)\Windows Kits\8.1\Windows Performance Toolkit\;C:\Program Files\Microsoft SQL Server\120\Tools\Binn\;C:\Program Files\Microsoft SQL Server\130\Tools\Binn\;C:\Program Files\MATLAB\R2012a\runtime\win64;C:\Program Files\MATLAB\R2012a\bin;C:\Program Files\Microsoft VS Code\bin;C:\Program Files\dotnet\;C:\Windows\system32\config\systemprofile\.dnx\bin;C:\Program Files\Microsoft DNX\Dnvm\;C:\Program Files (x86)\scala\bin;C:\Program Files (x86)\AOMEI Backupper;D:\Program Files\mysql8021\bin;D:\Program Files\nodejs\;E:\apache-maven-3.6.3\bin;D:\Program Files\TortoiseGit\bin;C:\Program Files\Git\cmd;D:\Programs\Python\Python39\Scripts\;D:\Programs\Python\Python39\;C:\Program Files (x86)\scala\bin;C:\Users\User\AppData\Local\Microsoft\WindowsApps;C:\Users\User\AppData\Local\atom\bin;C:\Program Files\Microsoft VS Code\bin;C:\Users\User\.dotnet\tools;C:\Users\User\AppData\Roaming\npm
USERNAME=User
OS=Windows_NT
PROCESSOR_IDENTIFIER=Intel64 Family 6 Model 58 Stepping 9, GenuineIntel



---------------  S Y S T E M  ---------------

OS: Windows 10 , 64 bit Build 14393 (10.0.14393.2189)

CPU:total 4 (initial active 4) (2 cores per cpu, 2 threads per core) family 6 model 58 stepping 9, cmov, cx8, fxsr, mmx, sse, sse2, sse3, ssse3, sse4.1, sse4.2, popcnt, avx, aes, clmul, erms, ht, tsc, tscinvbit, tscinv

Memory: 4k page, system-wide physical 7889M (429M free)
TotalPageFile size 14620M (AvailPageFile size 1M)
current process WorkingSet (physical memory assigned to process): 182M, peak: 182M
current process commit charge ("private bytes"): 240M, peak: 241M

vm_info: OpenJDK 64-Bit Server VM (11.0.3+12-b304.39) for windows-amd64 JRE (11.0.3+12-b304.39), built on Aug 14 2019 11:03:43 by "" with MS VC++ 14.0 (VS2015)

END.
